multiplier: 1
multiplier: 3
multiplier: 3
multiplier: 5
multiplier: 5
multiplier: 1
multiplier: 1
multiplier: 1
multiplier: 1
multiplier: 1
multiplier: 1
multiplier: 10
multiplier: 10
multiplier: 1
multiplier: 10
multiplier: 10
multiplier: 1
multiplier: 10
multiplier: 10
multiplier: 1
multiplier: 1
multiplier: 1
multiplier: 1
multiplier: 10
multiplier: 10
multiplier: 1
multiplier: 15
multiplier: 15
multiplier: 3
multiplier: 30
multiplier: 30
multiplier: 1
multiplier: 1
multiplier: 1
multiplier: 1
multiplier: 1
multiplier: 1
multiplier: 1
multiplier: 1
multiplier: 1
multiplier: 1
