Yanked: daffs
dfsan

Yanked: asdfnabsdfbasdfadss
shor
asdfn ksdjfb


Yanked: 5
6
7
8
9




Yanked: 5
6
7
8
9




Yanked: 8
9Yanked: 9
8
9


Yanked: 4
5
6


Yanked: 

Yanked: 

Yanked: 4

Yanked: 5

Yanked: 6

Yanked: 4
5
6
7
8
9





Yanked: asdfn ksdjfb

Yanked: 6
7
8
9




Yanked: 6
7
8
9

Yanked: 5
4
3
2
1

Yanked: 1
2
3
4

Yanked: 2
3
4

Yanked: 6
7
8
9

Yanked: 6
7
8
9

Yanked: z
cxv
zxcv


Yanked: aasbdfkbasdjkfb
asdfnabsdfbasdfadss

Yanked: aasbdfkbasdjkfb

Yanked: sdfn 
Yanked: sd
Yanked: sdfn 
Yanked: dfn 
Yanked: sdfn 
Yanked: sdfn 
Yanked: sdfnabsdfbasdfadss
Yanked: aaasbdfkbasdjkf
Yanked: asdf
Yanked: nabsdfbasdf
Yanked: uhu
Yanked: d
Yanked: e
Yanked: e
Yanked: a
Yanked: sdfn
Yanked: asdfnabsdfbasdfadss

Yanked: waffs
Yanked: wadf 
Yanked: wuhu
Yanked: &*!
Yanked: er
Yanked: !!
Yanked: ssdfjkpofasjdhor

Yanked: asdfn ksdjfb

Yanked: aasbdfkbasdjkfb

Yanked: dfsan

